ISim log file
Running: C:\Users\cqx\Desktop\Assignment\Computer_Organization\p5\Submit_P5\REVIEW\mips_tb_isim_beh.exe -intstyle ise -gui -tclbatch isim.cmd -wdb C:/Users/cqx/Desktop/Assignment/Computer_Organization/p5/Submit_P5/REVIEW/mips_tb_isim_beh.wdb 
ISim P.20131013 (signature 0x7708f090)
This is a Full version of ISim.
Time resolution is 1 ps
# onerror resume
# wave add /
# run 1000 ns
Simulator is doing circuit initialization process.
Finished circuit initialization process.
                  45@00003000: $16 <= 00000788
                  55@00003004: $17 <= 00000005
                  65@00003008: $18 <= 0000ffff
                  75@0000300c: $19 <= 00000008
                  85@00003010: $21 <= abcd0000
                  95@00003014: $22 <= 0000ffff
                 195@00003000: $16 <= 00000788
                 205@00003004: $17 <= 00000005
                 215@00003008: $18 <= 0000ffff
                 225@0000300c: $19 <= 00000008
                 235@00003010: $21 <= abcd0000
                 245@00003014: $22 <= 0000ffff
                 255@00003018: $ 8 <= 00000783
                 265@0000301c: $ 9 <= 00000f0b
                 275@00003020: $10 <= 00000f0b
                 285@00003024: $11 <= 00000f0b
                 285@00003028: *00000000 <= 00000f0b
                 295@0000302c: *00000004 <= 00000f0b
                 305@00003030: *00000008 <= 00000f0b
                 325@00003034: $ 8 <= ffff0789
                 335@00003038: $ 9 <= ffff0f11
                 345@0000303c: $10 <= ffff0f11
                 355@00003040: $11 <= ffff0001
                 355@00003044: *0000000c <= ffff0f11
                 365@00003048: *00000010 <= ffff0001
                 375@0000304c: *00000014 <= ffff0f11
                 395@00003050: $ 8 <= 00000780
                 405@00003054: $ 9 <= 000007a4
                 415@00003058: $10 <= 00000795
                 425@0000305c: $11 <= 00000784
                 425@00003060: *00000018 <= 00000784
                 435@00003064: *0000001c <= 00000795
                 445@00003068: *00000020 <= 000007a4
                 465@0000306c: $ 8 <= 00000069
                 475@00003070: $ 8 <= 00000008
                 485@00003074: $ 9 <= 00000f0b
                 495@00003078: $10 <= ffff0f11
                 505@0000307c: $11 <= ffff0001
                 505@00003080: *00000024 <= ffff0001
                 515@00003084: *00000028 <= ffff0f11
                 525@00003088: *0000002c <= 00000f0b
                 545@0000308c: $ 8 <= 00000069
                 555@00003090: $ 8 <= 00000000
                 565@00003094: $ 9 <= 00000f0b
                 575@00003098: $10 <= 00000f0b
                 585@0000309c: $11 <= 00000f0b
                 585@000030a0: *00000030 <= 00000f0b
                 595@000030a4: *00000034 <= 00000f0b
                 605@000030a8: *00000038 <= 00000f0b
                 625@000030ac: $ 8 <= 000000b7
                 635@000030b0: $ 9 <= 0000083f
                 645@000030b4: $10 <= 000006d1
                 655@000030b8: $11 <= 0000083f
                 655@000030bc: *0000003c <= 0000083f
                 665@000030c0: *00000040 <= 000006d1
                 675@000030c4: *00000044 <= 0000083f
                 695@000030c8: $ 8 <= 000003cf
                 705@000030cc: $ 9 <= fffffc47
                 715@000030d0: $10 <= 00000b57
                 725@000030d4: $11 <= fffffc47
                 725@000030d8: *00000048 <= fffffc47
                 735@000030dc: *0000004c <= fffffc47
                 745@000030e0: *00000050 <= 00000b57
                 765@000030e4: $ 8 <= 00000007
                 775@000030e8: $ 9 <= 0000000f
                 785@000030ec: $10 <= 00000007
                 795@000030f0: $11 <= 00000007
                 795@000030f4: *00000054 <= 00000007
                 805@000030f8: *00000058 <= 0000000f
                 815@000030fc: *0000005c <= 00000007
                 835@00003100: $ 8 <= 00000f0b
                 855@00003104: $ 9 <= fffff87d
                 865@00003108: $10 <= fffff87d
                 875@0000310c: $11 <= 00001693
                 875@00003110: *00000060 <= 00001693
                 885@00003114: *00000064 <= fffff87d
                 895@00003118: *00000068 <= fffff87d
                 915@0000311c: $ 8 <= ffff0001
                 935@00003120: $ 9 <= ffff0789
                 945@00003124: $10 <= fffef879
                 955@00003128: $11 <= fffef879
                 955@0000312c: *0000006c <= ffff0789
                 965@00003130: *00000070 <= fffef879
                 975@00003134: *00000074 <= fffef879
                 995@00003138: $ 8 <= 00000007
# restart
# run 1ms
Simulator is doing circuit initialization process.
Finished circuit initialization process.
                  45@00003000: $16 <= 00000788
                  55@00003004: $17 <= 00000005
                  65@00003008: $18 <= 0000ffff
                  75@0000300c: $19 <= 00000008
                  85@00003010: $21 <= abcd0000
                  95@00003014: $22 <= 0000ffff
                 195@00003000: $16 <= 00000788
                 205@00003004: $17 <= 00000005
                 215@00003008: $18 <= 0000ffff
                 225@0000300c: $19 <= 00000008
                 235@00003010: $21 <= abcd0000
                 245@00003014: $22 <= 0000ffff
                 255@00003018: $ 8 <= 00000783
                 265@0000301c: $ 9 <= 00000f0b
                 275@00003020: $10 <= 00000f0b
                 285@00003024: $11 <= 00000f0b
                 285@00003028: *00000000 <= 00000f0b
                 295@0000302c: *00000004 <= 00000f0b
                 305@00003030: *00000008 <= 00000f0b
                 325@00003034: $ 8 <= ffff0789
                 335@00003038: $ 9 <= ffff0f11
                 345@0000303c: $10 <= ffff0f11
                 355@00003040: $11 <= ffff0001
                 355@00003044: *0000000c <= ffff0f11
                 365@00003048: *00000010 <= ffff0001
                 375@0000304c: *00000014 <= ffff0f11
                 395@00003050: $ 8 <= 00000780
                 405@00003054: $ 9 <= 000007a4
                 415@00003058: $10 <= 00000795
                 425@0000305c: $11 <= 00000784
                 425@00003060: *00000018 <= 00000784
                 435@00003064: *0000001c <= 00000795
                 445@00003068: *00000020 <= 000007a4
                 465@0000306c: $ 8 <= 00000069
                 475@00003070: $ 8 <= 00000008
                 485@00003074: $ 9 <= 00000f0b
                 495@00003078: $10 <= ffff0f11
                 505@0000307c: $11 <= ffff0001
                 505@00003080: *00000024 <= ffff0001
                 515@00003084: *00000028 <= ffff0f11
                 525@00003088: *0000002c <= 00000f0b
                 545@0000308c: $ 8 <= 00000069
                 555@00003090: $ 8 <= 00000000
                 565@00003094: $ 9 <= 00000f0b
                 575@00003098: $10 <= 00000f0b
                 585@0000309c: $11 <= 00000f0b
                 585@000030a0: *00000030 <= 00000f0b
                 595@000030a4: *00000034 <= 00000f0b
                 605@000030a8: *00000038 <= 00000f0b
                 625@000030ac: $ 8 <= 000000b7
                 635@000030b0: $ 9 <= 0000083f
                 645@000030b4: $10 <= 000006d1
                 655@000030b8: $11 <= 0000083f
                 655@000030bc: *0000003c <= 0000083f
                 665@000030c0: *00000040 <= 000006d1
                 675@000030c4: *00000044 <= 0000083f
                 695@000030c8: $ 8 <= 000003cf
                 705@000030cc: $ 9 <= fffffc47
                 715@000030d0: $10 <= 00000b57
                 725@000030d4: $11 <= fffffc47
                 725@000030d8: *00000048 <= fffffc47
                 735@000030dc: *0000004c <= fffffc47
                 745@000030e0: *00000050 <= 00000b57
                 765@000030e4: $ 8 <= 00000007
                 775@000030e8: $ 9 <= 0000000f
                 785@000030ec: $10 <= 00000007
                 795@000030f0: $11 <= 00000007
                 795@000030f4: *00000054 <= 00000007
                 805@000030f8: *00000058 <= 0000000f
                 815@000030fc: *0000005c <= 00000007
                 835@00003100: $ 8 <= 00000f0b
                 855@00003104: $ 9 <= fffff87d
                 865@00003108: $10 <= fffff87d
                 875@0000310c: $11 <= 00001693
                 875@00003110: *00000060 <= 00001693
                 885@00003114: *00000064 <= fffff87d
                 895@00003118: *00000068 <= fffff87d
                 915@0000311c: $ 8 <= ffff0001
                 935@00003120: $ 9 <= ffff0789
                 945@00003124: $10 <= fffef879
                 955@00003128: $11 <= fffef879
                 955@0000312c: *0000006c <= ffff0789
                 965@00003130: *00000070 <= fffef879
                 975@00003134: *00000074 <= fffef879
                 995@00003138: $ 8 <= 00000007
                1015@0000313c: $ 9 <= 00000067
                1025@00003140: $10 <= 00000067
                1035@00003144: $11 <= 00000067
                1035@00003148: *00000078 <= 00000067
                1045@0000314c: *0000007c <= 00000067
                1055@00003150: *00000080 <= 00000067
                1075@00003154: $ 8 <= 00000004
                1075@00003158: *00000084 <= 00000004
                1095@0000315c: $ 8 <= 00000004
                1115@00003160: $ 9 <= 00000f0b
                1125@00003164: $10 <= 00000f0b
                1135@00003168: $11 <= ffff0f11
                1135@0000316c: *00000084 <= ffff0f11
                1145@00003170: *00000088 <= 00000f0b
                1155@00003174: *0000008c <= 00000f0b
                1175@00003178: $ 8 <= 00000783
                1185@0000317c: $ 9 <= 00000f0b
                1195@00003180: $10 <= 00000f0b
                1205@00003184: $11 <= 00000f0b
                1205@00003188: *00000090 <= 00000f0b
                1215@0000318c: *00000094 <= 00000f0b
                1225@00003190: *00000098 <= 00000f0b
                1245@00003194: $ 8 <= 00000783
                1255@00003198: $ 9 <= 00000f0b
                1265@0000319c: $10 <= fffffffb
                1275@000031a0: $11 <= fffffffb
                1275@000031a4: *0000009c <= 00000f0b
                1285@000031a8: *000000a0 <= fffffffb
                1295@000031ac: *000000a4 <= fffffffb
                1315@000031b0: $ 8 <= 0000078d
                1325@000031b4: $ 9 <= 0000079d
                1335@000031b8: $10 <= 000007dd
                1345@000031bc: $11 <= 0000078d
                1345@000031c0: *000000a8 <= 0000078d
                1355@000031c4: *000000ac <= 000007dd
                1365@000031c8: *000000b0 <= 0000079d
                1385@000031cc: $ 8 <= 00000069
                1395@000031d0: $ 8 <= 00000000
                1405@000031d4: $ 9 <= 00000f0b
                1415@000031d8: $10 <= 00000f0b
                1425@000031dc: $11 <= 00000f0b
                1425@000031e0: *000000b4 <= 00000f0b
                1435@000031e4: *000000b8 <= 00000f0b
                1445@000031e8: *000000bc <= 00000f0b
                1465@000031ec: $ 8 <= 00000069
                1475@000031f0: $ 8 <= 00000000
                1485@000031f4: $ 9 <= 00000f0b
                1495@000031f8: $10 <= 00000f0b
                1505@000031fc: $11 <= 00000f0b
                1505@00003200: *000000c0 <= 00000f0b
                1515@00003204: *000000c4 <= 00000f0b
                1525@00003208: *000000c8 <= 00000f0b
                1545@0000320c: $ 8 <= 00000165
                1555@00003210: $ 9 <= 00000623
                1565@00003214: $10 <= 000008ed
                1575@00003218: $11 <= 000008ed
                1575@0000321c: *000000cc <= 000008ed
                1585@00003220: *000000d0 <= 000008ed
                1595@00003224: *000000d4 <= 00000623
                1615@00003228: $ 8 <= 0000013d
                1625@0000322c: $ 9 <= fffff9b5
                1635@00003230: $10 <= fffff9b5
                1645@00003234: $11 <= 000008c5
                1645@00003238: *000000d8 <= fffff9b5
                1655@0000323c: *000000dc <= 000008c5
                1665@00003240: *000000e0 <= fffff9b5
                1685@00003244: $ 8 <= 00000005
                1695@00003248: $ 9 <= 0000000d
                1705@0000324c: $10 <= 00000007
                1715@00003250: $11 <= 00000007
                1715@00003254: *000000e4 <= 00000007
                1725@00003258: *000000e8 <= 0000000d
                1735@0000325c: *000000ec <= 00000007
                1755@00003260: $ 8 <= 00000f0b
                1775@00003264: $ 9 <= 00001693
                1785@00003268: $10 <= 00001693
                1795@0000326c: $11 <= fffff87d
                1795@00003270: *000000f0 <= fffff87d
                1805@00003274: *000000f4 <= 00001693
                1815@00003278: *000000f8 <= 00001693
                1835@0000327c: $ 8 <= fffff87d
                1855@00003280: $ 9 <= 00000005
                1865@00003284: $10 <= fffff0f5
                1875@00003288: $11 <= 00000005
                1875@0000328c: *000000fc <= 00000005
                1885@00003290: *00000100 <= 00000005
                1895@00003294: *00000104 <= fffff0f5
                1915@00003298: $ 8 <= 00000f0b
                1935@0000329c: $ 9 <= 00000f6f
                1945@000032a0: $10 <= 00000f6f
                1955@000032a4: $11 <= 00000f6f
                1955@000032a8: *00000108 <= 00000f6f
                1965@000032ac: *0000010c <= 00000f6f
                1975@000032b0: *00000110 <= 00000f6f
                1995@000032b4: $ 8 <= 00000004
                1995@000032b8: *00000114 <= 00000004
                2015@000032bc: $ 8 <= 00000004
                2035@000032c0: $ 9 <= 00000f0b
                2045@000032c4: $10 <= 00000f0b
                2055@000032c8: $11 <= ffff0f11
                2055@000032cc: *00000114 <= ffff0f11
                2065@000032d0: *00000118 <= 00000f0b
                2075@000032d4: *0000011c <= 00000f0b
                2095@000032d8: $ 8 <= 0000078d
                2105@000032dc: $ 9 <= 00000f15
                2115@000032e0: $10 <= fffffffb
                2125@000032e4: $11 <= fffffffb
                2125@000032e8: *00000120 <= fffffffb
                2135@000032ec: *00000124 <= fffffffb
                2145@000032f0: *00000128 <= 00000f15
                2165@000032f4: $ 8 <= 00000783
                2175@000032f8: $ 9 <= fffffffb
                2185@000032fc: $10 <= 00000f0b
                2195@00003300: $11 <= 00000f0b
                2195@00003304: *0000012c <= fffffffb
                2205@00003308: *00000130 <= 00000f0b
                2215@0000330c: *00000134 <= 00000f0b
                2235@00003310: $ 8 <= 0000078d
                2245@00003314: $ 9 <= 0000078f
                2255@00003318: $10 <= 000007df
                2265@0000331c: $11 <= 000007af
                2265@00003320: *00000138 <= 000007af
                2275@00003324: *0000013c <= 000007df
                2285@00003328: *00000140 <= 0000078f
                2305@0000332c: $ 8 <= 00000069
                2315@00003330: $ 8 <= 00000000
                2325@00003334: $ 9 <= 00000f0b
                2335@00003338: $10 <= 00000f0b
                2345@0000333c: $11 <= 00000f0b
                2345@00003340: *00000144 <= 00000f0b
                2355@00003344: *00000148 <= 00000f0b
                2365@00003348: *0000014c <= 00000f0b
                2385@0000334c: $ 8 <= 00000069
                2395@00003350: $ 8 <= 00000000
                2405@00003354: $ 9 <= 00000f0b
                2415@00003358: $10 <= 00000f0b
                2425@0000335c: $11 <= 00000f0b
                2425@00003360: *00000150 <= 00000f0b
                2435@00003364: *00000154 <= 00000f0b
                2445@00003368: *00000158 <= 00000f0b
                2465@0000336c: $ 8 <= 0000033f
                2475@00003370: $ 9 <= 00000ac7
                2485@00003374: $10 <= 00000ac7
                2495@00003378: $11 <= 00000449
                2495@0000337c: *0000015c <= 00000449
                2505@00003380: *00000160 <= 00000ac7
                2515@00003384: *00000164 <= 00000ac7
                2535@00003388: $ 8 <= 000003b7
                2545@0000338c: $ 9 <= fffffc2f
                2555@00003390: $10 <= 00000b3f
                2565@00003394: $11 <= fffffc2f
                2565@00003398: *00000168 <= fffffc2f
                2575@0000339c: *0000016c <= fffffc2f
                2585@000033a0: *00000170 <= 00000b3f
                2605@000033a4: $ 8 <= 00000007
                2615@000033a8: $ 9 <= 0000000f
                2625@000033ac: $10 <= 00000007
                2635@000033b0: $11 <= 00000007
                2635@000033b4: *00000174 <= 00000007
                2645@000033b8: *00000178 <= 0000000f
                2655@000033bc: *0000017c <= 00000007
                2675@000033c0: $ 8 <= 00000f0b
                2695@000033c4: $ 9 <= fffff87d
                2705@000033c8: $10 <= 00001693
                2715@000033cc: $11 <= 00001693
                2715@000033d0: *00000180 <= 00001693
                2725@000033d4: *00000184 <= 00001693
                2735@000033d8: *00000188 <= fffff87d
                2755@000033dc: $ 8 <= 00000f0b
                2775@000033e0: $ 9 <= 00001693
                2785@000033e4: $10 <= 00001693
                2795@000033e8: $11 <= 00001693
                2795@000033ec: *0000018c <= 00001693
                2805@000033f0: *00000190 <= 00001693
                2815@000033f4: *00000194 <= 00001693
                2835@000033f8: $ 8 <= 00000007
                2855@000033fc: $ 9 <= 00000067
                2865@00003400: $10 <= 00000067
                2875@00003404: $11 <= 00000067
                2875@00003408: *00000198 <= 00000067
                2885@0000340c: *0000019c <= 00000067
                2895@00003410: *000001a0 <= 00000067
                2915@00003414: $ 8 <= 00000004
                2915@00003418: *000001a4 <= 00000004
                2935@0000341c: $ 8 <= 00000004
                2955@00003420: $ 9 <= 00000f0b
                2965@00003424: $10 <= 00000f0b
                2975@00003428: $11 <= ffff0f11
                2975@0000342c: *000001a4 <= ffff0f11
                2985@00003430: *000001a8 <= 00000f0b
                2995@00003434: *000001ac <= 00000f0b
                3015@00003438: $ 8 <= 00000783
                3025@0000343c: $ 9 <= 00000f0b
                3035@00003440: $10 <= 00000005
                3045@00003444: $11 <= 00000f0b
                3045@00003448: *000001b0 <= 00000f0b
                3055@0000344c: *000001b4 <= 00000005
                3065@00003450: *000001b8 <= 00000f0b
                3085@00003454: $ 8 <= 0000078d
                3095@00003458: $ 9 <= 00000f15
                3105@0000345c: $10 <= 00000005
                3115@00003460: $11 <= 00000f15
                3115@00003464: *000001bc <= 00000f15
                3125@00003468: *000001c0 <= 00000f15
                3135@0000346c: *000001c4 <= 00000005
                3155@00003470: $ 8 <= 00000783
                3165@00003474: $ 9 <= 00000783
                3175@00003478: $10 <= 000007cf
                3185@0000347c: $11 <= 000007b3
                3185@00003480: *000001c8 <= 000007b3
                3195@00003484: *000001cc <= 000007cf
                3205@00003488: *000001d0 <= 00000783
                3225@0000348c: $ 8 <= 00000069
                3235@00003490: $ 8 <= 00000000
                3245@00003494: $ 9 <= 00000f0b
                3255@00003498: $10 <= 00000f0b
                3265@0000349c: $11 <= 00000f0b
                3265@000034a0: *000001d4 <= 00000f0b
                3275@000034a4: *000001d8 <= 00000f0b
                3285@000034a8: *000001dc <= 00000f0b
                3305@000034ac: $ 8 <= 00000069
                3315@000034b0: $ 8 <= 00000000
                3325@000034b4: $ 9 <= 00000f0b
                3335@000034b8: $10 <= 00000f0b
                3345@000034bc: $11 <= 00000f0b
                3345@000034c0: *000001e0 <= 00000f0b
                3355@000034c4: *000001e4 <= 00000f0b
                3365@000034c8: *000001e8 <= 00000f0b
                3385@000034cc: $ 8 <= 00000095
                3395@000034d0: $ 9 <= 0000081d
                3405@000034d4: $10 <= 000006f3
                3415@000034d8: $11 <= 000006f3
                3415@000034dc: *000001ec <= 000006f3
                3425@000034e0: *000001f0 <= 000006f3
                3435@000034e4: *000001f4 <= 0000081d
                3455@000034e8: $ 8 <= 000000cd
                3465@000034ec: $ 9 <= fffff945
                3475@000034f0: $10 <= fffff945
                3485@000034f4: $11 <= fffff945
                3485@000034f8: *000001f8 <= fffff945
                3495@000034fc: *000001fc <= fffff945
                3505@00003500: *00000200 <= fffff945
                3525@00003504: $ 8 <= 00000007
                3535@00003508: $ 9 <= 00000007
                3545@0000350c: $10 <= 00000007
                3555@00003510: $11 <= 00000007
                3555@00003514: *00000204 <= 00000007
                3565@00003518: *00000208 <= 00000007
                3575@0000351c: *0000020c <= 00000007
                3595@00003520: $ 8 <= 00000f0b
                3615@00003524: $ 9 <= 00001693
                3625@00003528: $10 <= fffff87d
                3635@0000352c: $11 <= 00001693
                3635@00003530: *00000210 <= 00001693
                3645@00003534: *00000214 <= fffff87d
                3655@00003538: *00000218 <= 00001693
                3675@0000353c: $ 8 <= 000007af
                3695@00003540: $ 9 <= 00000027
                3705@00003544: $10 <= 00000f37
                3715@00003548: $11 <= 00000f37
                3715@0000354c: *0000021c <= 00000027
                3725@00003550: *00000220 <= 00000f37
                3735@00003554: *00000224 <= 00000f37
                3755@00003558: $ 8 <= fffff87d
                3775@0000355c: $ 9 <= fffff87d
                3785@00003560: $10 <= fffff87d
                3795@00003564: $11 <= fffff87d
                3795@00003568: *00000228 <= fffff87d
                3805@0000356c: *0000022c <= fffff87d
                3815@00003570: *00000230 <= fffff87d
                3835@00003574: $ 8 <= 00000004
                3835@00003578: *00000234 <= 00000004
                3855@0000357c: $ 8 <= 00000004
                3875@00003580: $ 9 <= 00000f0b
                3885@00003584: $10 <= 00000f0b
                3895@00003588: $11 <= ffff0f11
                3895@0000358c: *00000234 <= ffff0f11
                3905@00003590: *00000238 <= 00000f0b
                3915@00003594: *0000023c <= 00000f0b
                3935@00003598: $ 8 <= 0000078d
                3945@0000359c: $ 9 <= fffffffb
                3955@000035a0: $10 <= fffffffb
                3965@000035a4: $11 <= fffffffb
                3965@000035a8: *00000240 <= fffffffb
                3975@000035ac: *00000244 <= fffffffb
                3985@000035b0: *00000248 <= fffffffb
                4005@000035b4: $ 8 <= 00000783
                4015@000035b8: $ 9 <= fffffffb
                4025@000035bc: $10 <= 00000f0b
                4035@000035c0: $11 <= fffffffb
                4035@000035c4: *0000024c <= fffffffb
                4045@000035c8: *00000250 <= fffffffb
                4055@000035cc: *00000254 <= 00000f0b
                4075@000035d0: $ 8 <= 00000783
                4085@000035d4: $ 9 <= 000007d3
                4095@000035d8: $10 <= 000007ab
                4105@000035dc: $11 <= 000007e3
                4105@000035e0: *00000258 <= 000007e3
                4115@000035e4: *0000025c <= 000007ab
                4125@000035e8: *00000260 <= 000007d3
                4145@000035ec: $ 8 <= 00000069
                4155@000035f0: $ 8 <= 00000000
                4165@000035f4: $ 9 <= 00000f0b
                4175@000035f8: $10 <= 00000f0b
                4185@000035fc: $11 <= 00000f0b
                4185@00003600: *00000264 <= 00000f0b
                4195@00003604: *00000268 <= 00000f0b
                4205@00003608: *0000026c <= 00000f0b
                4225@0000360c: $ 8 <= 00000069
                4235@00003610: $ 8 <= 00000000
                4245@00003614: $ 9 <= 00000f0b
                4255@00003618: $10 <= 00000f0b
                4265@0000361c: $11 <= 00000f0b
                4265@00003620: *00000270 <= 00000f0b
                4275@00003624: *00000274 <= 00000f0b
                4285@00003628: *00000278 <= 00000f0b
                4305@0000362c: $ 8 <= 000002e7
                4315@00003630: $ 9 <= 00000a6f
                4325@00003634: $10 <= 000004a1
                4335@00003638: $11 <= 00000a6f
                4335@0000363c: *0000027c <= 00000a6f
                4345@00003640: *00000280 <= 000004a1
                4355@00003644: *00000284 <= 00000a6f
                4375@00003648: $ 8 <= 0000038d
                4385@0000364c: $ 9 <= fffffc05
                4395@00003650: $10 <= 00000b15
                4405@00003654: $11 <= 00000b15
                4405@00003658: *00000288 <= fffffc05
                4415@0000365c: *0000028c <= 00000b15
                4425@00003660: *00000290 <= 00000b15
                4445@00003664: $ 8 <= 00000005
                4455@00003668: $ 9 <= 00000005
                4465@0000366c: $10 <= 0000000d
                4475@00003670: $11 <= 0000000d
                4475@00003674: *00000294 <= 0000000d
                4485@00003678: *00000298 <= 00000005
                4495@0000367c: *0000029c <= 0000000d
                4515@00003680: $ 8 <= 00000f0b
                4535@00003684: $ 9 <= 00001693
                4545@00003688: $10 <= fffff87d
                4555@0000368c: $11 <= fffff87d
                4555@00003690: *000002a0 <= fffff87d
                4565@00003694: *000002a4 <= fffff87d
                4575@00003698: *000002a8 <= 00001693
                4595@0000369c: $ 8 <= 00000067
                4615@000036a0: $ 9 <= fffff8df
                4625@000036a4: $10 <= fffff8df
                4635@000036a8: $11 <= 000007ef
                4635@000036ac: *000002ac <= fffff8df
                4645@000036b0: *000002b0 <= 000007ef
                4655@000036b4: *000002b4 <= fffff8df
                4675@000036b8: $ 8 <= 00001693
                4695@000036bc: $ 9 <= 000016f7
                4705@000036c0: $10 <= 000016f7
                4715@000036c4: $11 <= 000016f7
                4715@000036c8: *000002b8 <= 000016f7
                4725@000036cc: *000002bc <= 000016f7
                4735@000036d0: *000002c0 <= 000016f7
                4755@000036d4: $ 8 <= 00000004
                4755@000036d8: *000002c4 <= 00000004
                4775@000036dc: $ 8 <= 00000004
                4795@000036e0: $ 9 <= 00000f0b
                4805@000036e4: $10 <= 00000f0b
                4815@000036e8: $11 <= ffff0f11
                4815@000036ec: *000002c4 <= ffff0f11
                4825@000036f0: *000002c8 <= 00000f0b
                4835@000036f4: *000002cc <= 00000f0b
                4855@000036f8: $ 8 <= 00e00000
                4865@000036fc: $ 9 <= ff200788
                4875@00003700: $10 <= ff200788
                4885@00003704: $11 <= 00e00788
                4885@00003708: *000002d0 <= 00e00788
                4895@0000370c: *000002d4 <= ff200788
                4905@00003710: *000002d8 <= ff200788
                4925@00003714: $ 8 <= 01d50000
                4935@00003718: $ 9 <= 01d4f878
                4945@0000371c: $10 <= 01d50788
                4955@00003720: $11 <= 01d50788
                4955@00003724: *000002dc <= 01d4f878
                4965@00003728: *000002e0 <= 01d50788
                4975@0000372c: *000002e4 <= 01d50788
                4995@00003730: $ 8 <= 00790000
                5005@00003734: $ 9 <= 00790037
                5015@00003738: $10 <= 0079002a
                5025@0000373c: $11 <= 00790018
                5025@00003740: *000002e8 <= 00790037
                5035@00003744: *000002ec <= 00790018
                5045@00003748: *000002f0 <= 0079002a
                5065@0000374c: $ 8 <= 02ae0000
                5065@00003750: *000002f4 <= 02ae0000
                5075@00003754: *000002f8 <= 02ae0000
                5085@00003758: *000002fc <= 02ae0000
