Running: fuse.exe -relaunch -intstyle "ise" -incremental -lib "unisims_ver" -lib "unimacro_ver" -lib "xilinxcorelib_ver" -lib "secureip" -o "C:/Users/cqx/Desktop/Assignment/Computer_Organization/p7/P7_my/mips_tb_isim_beh.exe" -prj "C:/Users/cqx/Desktop/Assignment/Computer_Organization/p7/P7_my/mips_tb_beh.prj" "work.mips_tb" "work.glbl" 
ISim P.20131013 (signature 0x7708f090)
Number of CPUs detected in this system: 4
Turning on mult-threading, number of parallel sub-compilation jobs: 8 
Determining compilation order of HDL files
Analyzing Verilog file "C:/Users/cqx/Desktop/Assignment/Computer_Organization/p7/P7_my/PREG.v" into library work
Analyzing Verilog file "C:/Users/cqx/Desktop/Assignment/Computer_Organization/p7/P7_my/PC.v" into library work
Analyzing Verilog file "C:/Users/cqx/Desktop/Assignment/Computer_Organization/p7/P7_my/NPC.v" into library work
Analyzing Verilog file "C:/Users/cqx/Desktop/Assignment/Computer_Organization/p7/P7_my/MUX.v" into library work
Analyzing Verilog file "C:/Users/cqx/Desktop/Assignment/Computer_Organization/p7/P7_my/MD.v" into library work
Analyzing Verilog file "C:/Users/cqx/Desktop/Assignment/Computer_Organization/p7/P7_my/IM.v" into library work
Analyzing Verilog file "C:/Users/cqx/Desktop/Assignment/Computer_Organization/p7/P7_my/HAZARD.v" into library work
Analyzing Verilog file "C:/Users/cqx/Desktop/Assignment/Computer_Organization/p7/P7_my/GPR.v" into library work
Analyzing Verilog file "C:/Users/cqx/Desktop/Assignment/Computer_Organization/p7/P7_my/EXT.v" into library work
Analyzing Verilog file "C:/Users/cqx/Desktop/Assignment/Computer_Organization/p7/P7_my/DMEXT.v" into library work
Analyzing Verilog file "C:/Users/cqx/Desktop/Assignment/Computer_Organization/p7/P7_my/DM.v" into library work
Analyzing Verilog file "C:/Users/cqx/Desktop/Assignment/Computer_Organization/p7/P7_my/CP0.v" into library work
Analyzing Verilog file "C:/Users/cqx/Desktop/Assignment/Computer_Organization/p7/P7_my/CONTROL.v" into library work
Analyzing Verilog file "C:/Users/cqx/Desktop/Assignment/Computer_Organization/p7/P7_my/CMP.v" into library work
Analyzing Verilog file "C:/Users/cqx/Desktop/Assignment/Computer_Organization/p7/P7_my/ALU.v" into library work
Analyzing Verilog file "C:/Users/cqx/Desktop/Assignment/Computer_Organization/p7/P7_my/CPU.v" into library work
Analyzing Verilog file "C:/Users/cqx/Desktop/Assignment/Computer_Organization/p7/P7_my/COCO.v" into library work
Analyzing Verilog file "C:/Users/cqx/Desktop/Assignment/Computer_Organization/p7/P7_my/BRIDGE.v" into library work
Analyzing Verilog file "C:/Users/cqx/Desktop/Assignment/Computer_Organization/p7/P7_my/mips.v" into library work
Analyzing Verilog file "C:/Users/cqx/Desktop/Assignment/Computer_Organization/p7/P7_my/mips_tb.v" into library work
Analyzing Verilog file "C:/Xilinx/14.7/ISE_DS/ISE//verilog/src/glbl.v" into library work
Starting static elaboration
WARNING:HDLCompiler:1016 - "C:/Users/cqx/Desktop/Assignment/Computer_Organization/p7/P7_my/CPU.v" Line 146: Port ALUOp is not connected to this instance
WARNING:HDLCompiler:1016 - "C:/Users/cqx/Desktop/Assignment/Computer_Organization/p7/P7_my/CPU.v" Line 201: Port EXTOp is not connected to this instance
WARNING:HDLCompiler:1016 - "C:/Users/cqx/Desktop/Assignment/Computer_Organization/p7/P7_my/CPU.v" Line 258: Port ALUSrc is not connected to this instance
WARNING:HDLCompiler:1016 - "C:/Users/cqx/Desktop/Assignment/Computer_Organization/p7/P7_my/CPU.v" Line 294: Port ALUSrc is not connected to this instance
Completed static elaboration
Compiling module MUX32_2
Compiling module MUX32_3
Compiling module PC
Compiling module IM
Compiling module PREG
Compiling module PREG5
Compiling module GPR
Compiling module EXT
Compiling module CMP
Compiling module CONTROL
Compiling module NPC
Compiling module ALU
Compiling module MD
Compiling module DM
Compiling module CP0
Compiling module DMEXT
Compiling module HAZARD
Compiling module CPU
Compiling module BRIDGE
Compiling module COCO
Compiling module mips
Compiling module mips_tb
Compiling module glbl
Time Resolution for simulation is 1ps.
Waiting for 16 sub-compilation(s) to finish...
Compiled 23 Verilog Units
Built simulation executable C:/Users/cqx/Desktop/Assignment/Computer_Organization/p7/P7_my/mips_tb_isim_beh.exe
Fuse Memory Usage: 32616 KB
Fuse CPU Usage: 1544 ms
