Release 14.7 - xst P.20131013 (nt64)
Copyright (c) 1995-2013 Xilinx, Inc.  All rights reserved.
--> Parameter TMPDIR set to xst/projnav.tmp


Total REAL time to Xst completion: 0.00 secs
Total CPU time to Xst completion: 0.16 secs
 
--> Parameter xsthdpdir set to xst


Total REAL time to Xst completion: 0.00 secs
Total CPU time to Xst completion: 0.16 secs
 
--> Reading design: id_fsm.prj

TABLE OF CONTENTS
  1) Synthesis Options Summary
  2) HDL Parsing
  3) HDL Elaboration
  4) HDL Synthesis
       4.1) HDL Synthesis Report
  5) Advanced HDL Synthesis
       5.1) Advanced HDL Synthesis Report
  6) Low Level Synthesis
  7) Partition Report
  8) Design Summary
       8.1) Primitive and Black Box Usage
       8.2) Device utilization summary
       8.3) Partition Resource Summary
       8.4) Timing Report
            8.4.1) Clock Information
            8.4.2) Asynchronous Control Signals Information
            8.4.3) Timing Summary
            8.4.4) Timing Details
            8.4.5) Cross Clock Domains Report


=========================================================================
*                      Synthesis Options Summary                        *
=========================================================================
---- Source Parameters
Input File Name                    : "id_fsm.prj"
Ignore Synthesis Constraint File   : NO

---- Target Parameters
Output File Name                   : "id_fsm"
Output Format                      : NGC
Target Device                      : xc6slx150-2-fgg484

---- Source Options
Top Module Name                    : id_fsm
Automatic FSM Extraction           : YES
FSM Encoding Algorithm             : Auto
Safe Implementation                : No
FSM Style                          : LUT
RAM Extraction                     : Yes
RAM Style                          : Auto
ROM Extraction                     : Yes
Shift Register Extraction          : YES
ROM Style                          : Auto
Resource Sharing                   : YES
Asynchronous To Synchronous        : NO
Shift Register Minimum Size        : 2
Use DSP Block                      : Auto
Automatic Register Balancing       : No

---- Target Options
LUT Combining                      : Auto
Reduce Control Sets                : Auto
Add IO Buffers                     : YES
Global Maximum Fanout              : 100000
Add Generic Clock Buffer(BUFG)     : 16
Register Duplication               : YES
Optimize Instantiated Primitives   : NO
Use Clock Enable                   : Auto
Use Synchronous Set                : Auto
Use Synchronous Reset              : Auto
Pack IO Registers into IOBs        : Auto
Equivalent register Removal        : YES

---- General Options
Optimization Goal                  : Speed
Optimization Effort                : 1
Power Reduction                    : NO
Keep Hierarchy                     : No
Netlist Hierarchy                  : As_Optimized
RTL Output                         : Yes
Global Optimization                : AllClockNets
Read Cores                         : YES
Write Timing Constraints           : NO
Cross Clock Analysis               : NO
Hierarchy Separator                : /
Bus Delimiter                      : <>
Case Specifier                     : Maintain
Slice Utilization Ratio            : 100
BRAM Utilization Ratio             : 100
DSP48 Utilization Ratio            : 100
Auto BRAM Packing                  : NO
Slice Utilization Ratio Delta      : 5

=========================================================================


=========================================================================
*                          HDL Parsing                                  *
=========================================================================
Analyzing Verilog file "C:\Users\cqx\Desktop\Assignment\Computer_Organization\P1\practice_P1\id_fsm.v" into library work
Parsing module <id_fsm>.

=========================================================================
*                            HDL Elaboration                            *
=========================================================================

Elaborating module <id_fsm>.

=========================================================================
*                           HDL Synthesis                               *
=========================================================================

Synthesizing Unit <id_fsm>.
    Related source file is "C:\Users\cqx\Desktop\Assignment\Computer_Organization\P1\practice_P1\id_fsm.v".
    Found 1-bit register for signal <out>.
    Found 2-bit register for signal <state>.
    Found finite state machine <FSM_0> for signal <state>.
    -----------------------------------------------------------------------
    | States             | 3                                              |
    | Transitions        | 10                                             |
    | Inputs             | 3                                              |
    | Outputs            | 2                                              |
    | Clock              | clk (rising_edge)                              |
    | Reset              | GND_1_o_GND_1_o_OR_3_o (positive)              |
    | Reset type         | synchronous                                    |
    | Reset State        | 01                                             |
    | Power Up State     | 00                                             |
    | Encoding           | auto                                           |
    | Implementation     | LUT                                            |
    -----------------------------------------------------------------------
    Found 8-bit comparator lessequal for signal <n0001> created at line 59
    Found 8-bit comparator lessequal for signal <n0003> created at line 59
    Found 8-bit comparator lessequal for signal <n0006> created at line 59
    Found 8-bit comparator lessequal for signal <n0008> created at line 59
    Found 8-bit comparator greater for signal <n0012> created at line 63
    Found 8-bit comparator greater for signal <n0014> created at line 63
    Summary:
	inferred   1 D-type flip-flop(s).
	inferred   6 Comparator(s).
	inferred   3 Multiplexer(s).
	inferred   1 Finite State Machine(s).
Unit <id_fsm> synthesized.

=========================================================================
HDL Synthesis Report

Macro Statistics
# Registers                                            : 1
 1-bit register                                        : 1
# Comparators                                          : 6
 8-bit comparator greater                              : 2
 8-bit comparator lessequal                            : 4
# Multiplexers                                         : 3
 1-bit 2-to-1 multiplexer                              : 3
# FSMs                                                 : 1

=========================================================================

=========================================================================
*                       Advanced HDL Synthesis                          *
=========================================================================


=========================================================================
Advanced HDL Synthesis Report

Macro Statistics
# Registers                                            : 1
 Flip-Flops                                            : 1
# Comparators                                          : 6
 8-bit comparator greater                              : 2
 8-bit comparator lessequal                            : 4
# Multiplexers                                         : 3
 1-bit 2-to-1 multiplexer                              : 3
# FSMs                                                 : 1

=========================================================================

=========================================================================
*                         Low Level Synthesis                           *
=========================================================================
Analyzing FSM <MFsm> for best encoding.
Optimizing FSM <FSM_0> on signal <state[1:2]> with user encoding.
-------------------
 State | Encoding
-------------------
 00    | 00
 01    | 01
 10    | 10
-------------------

Optimizing unit <id_fsm> ...
INFO:Xst:2261 - The FF/Latch <out> in Unit <id_fsm> is equivalent to the following FF/Latch, which will be removed : <state_FSM_FFd1> 

Mapping all equations...
Building and optimizing final netlist ...
Found area constraint ratio of 100 (+ 5) on block id_fsm, actual ratio is 0.

Final Macro Processing ...

=========================================================================
Final Register Report

Macro Statistics
# Registers                                            : 2
 Flip-Flops                                            : 2

=========================================================================

=========================================================================
*                           Partition Report                            *
=========================================================================

Partition Implementation Status
-------------------------------

  No Partitions were found in this design.

-------------------------------

=========================================================================
*                            Design Summary                             *
=========================================================================

Top Level Output File Name         : id_fsm.ngc

Primitive and Black Box Usage:
------------------------------
# BELS                             : 5
#      LUT2                        : 1
#      LUT3                        : 1
#      LUT4                        : 1
#      LUT5                        : 1
#      LUT6                        : 1
# FlipFlops/Latches                : 2
#      FD                          : 1
#      FDE                         : 1
# Clock Buffers                    : 1
#      BUFGP                       : 1
# IO Buffers                       : 9
#      IBUF                        : 8
#      OBUF                        : 1

Device utilization summary:
---------------------------

Selected Device : 6slx150fgg484-2 


Slice Logic Utilization: 
 Number of Slice Registers:               2  out of  184304     0%  
 Number of Slice LUTs:                    5  out of  92152     0%  
    Number used as Logic:                 5  out of  92152     0%  

Slice Logic Distribution: 
 Number of LUT Flip Flop pairs used:      7
   Number with an unused Flip Flop:       5  out of      7    71%  
   Number with an unused LUT:             2  out of      7    28%  
   Number of fully used LUT-FF pairs:     0  out of      7     0%  
   Number of unique control sets:         2

IO Utilization: 
 Number of IOs:                          10
 Number of bonded IOBs:                  10  out of    338     2%  

Specific Feature Utilization:
 Number of BUFG/BUFGCTRLs:                1  out of     16     6%  

---------------------------
Partition Resource Summary:
---------------------------

  No Partitions were found in this design.

---------------------------


=========================================================================
Timing Report

NOTE: THESE TIMING NUMBERS ARE ONLY A SYNTHESIS ESTIMATE.
      FOR ACCURATE TIMING INFORMATION PLEASE REFER TO THE TRACE REPORT
      GENERATED AFTER PLACE-and-ROUTE.

Clock Information:
------------------
-----------------------------------+------------------------+-------+
Clock Signal                       | Clock buffer(FF name)  | Load  |
-----------------------------------+------------------------+-------+
clk                                | BUFGP                  | 2     |
-----------------------------------+------------------------+-------+

Asynchronous Control Signals Information:
----------------------------------------
No asynchronous control signals found in this design

Timing Summary:
---------------
Speed Grade: -2

   Minimum period: 2.592ns (Maximum Frequency: 385.802MHz)
   Minimum input arrival time before clock: 3.803ns
   Maximum output required time after clock: 4.202ns
   Maximum combinational path delay: No path found

Timing Details:
---------------
All values displayed in nanoseconds (ns)

=========================================================================
Timing constraint: Default period analysis for Clock 'clk'
  Clock period: 2.592ns (frequency: 385.802MHz)
  Total number of paths / destination ports: 4 / 2
-------------------------------------------------------------------------
Delay:               2.592ns (Levels of Logic = 1)
  Source:            state_FSM_FFd2 (FF)
  Destination:       out (FF)
  Source Clock:      clk rising
  Destination Clock: clk rising

  Data Path: state_FSM_FFd2 to out
                                Gate     Net
    Cell:in->out      fanout   Delay   Delay  Logical Name (Net Name)
    ----------------------------------------  ------------
     FD:C->Q               2   0.525   0.834  state_FSM_FFd2 (state_FSM_FFd2)
     LUT2:I0->O            1   0.250   0.681  _n0036_inv1 (_n0036_inv)
     FDE:CE                    0.302          out
    ----------------------------------------
    Total                      2.592ns (1.077ns logic, 1.515ns route)
                                       (41.6% logic, 58.4% route)

=========================================================================
Timing constraint: Default OFFSET IN BEFORE for Clock 'clk'
  Total number of paths / destination ports: 14 / 2
-------------------------------------------------------------------------
Offset:              3.803ns (Levels of Logic = 3)
  Source:            char<3> (PAD)
  Destination:       out (FF)
  Destination Clock: clk rising

  Data Path: char<3> to out
                                Gate     Net
    Cell:in->out      fanout   Delay   Delay  Logical Name (Net Name)
    ----------------------------------------  ------------
     IBUF:I->O             2   1.328   1.002  char_3_IBUF (char_3_IBUF)
     LUT4:I0->O            1   0.254   0.910  Mmux_state[1]_out_Mux_23_o12_SW0 (N2)
     LUT6:I3->O            1   0.235   0.000  Mmux_state[1]_out_Mux_23_o12 (Mmux_state[1]_out_Mux_23_o12)
     FDE:D                     0.074          out
    ----------------------------------------
    Total                      3.803ns (1.891ns logic, 1.912ns route)
                                       (49.7% logic, 50.3% route)

=========================================================================
Timing constraint: Default OFFSET OUT AFTER for Clock 'clk'
  Total number of paths / destination ports: 1 / 1
-------------------------------------------------------------------------
Offset:              4.202ns (Levels of Logic = 1)
  Source:            out (FF)
  Destination:       out (PAD)
  Source Clock:      clk rising

  Data Path: out to out
                                Gate     Net
    Cell:in->out      fanout   Delay   Delay  Logical Name (Net Name)
    ----------------------------------------  ------------
     FDE:C->Q              3   0.525   0.765  out (out_OBUF)
     OBUF:I->O                 2.912          out_OBUF (out)
    ----------------------------------------
    Total                      4.202ns (3.437ns logic, 0.765ns route)
                                       (81.8% logic, 18.2% route)

=========================================================================

Cross Clock Domains Report:
--------------------------

Clock to Setup on destination clock clk
---------------+---------+---------+---------+---------+
               | Src:Rise| Src:Fall| Src:Rise| Src:Fall|
Source Clock   |Dest:Rise|Dest:Rise|Dest:Fall|Dest:Fall|
---------------+---------+---------+---------+---------+
clk            |    2.592|         |         |         |
---------------+---------+---------+---------+---------+

=========================================================================


Total REAL time to Xst completion: 12.00 secs
Total CPU time to Xst completion: 11.65 secs
 
--> 

Total memory usage is 253540 kilobytes

Number of errors   :    0 (   0 filtered)
Number of warnings :    0 (   0 filtered)
Number of infos    :    1 (   0 filtered)

