Running: fuse.exe -relaunch -intstyle "ise" -incremental -lib "unisims_ver" -lib "unimacro_ver" -lib "xilinxcorelib_ver" -lib "secureip" -o "C:/Users/cqx/Desktop/Assignment/Computer_Organization/P4/My_P4/Project4/mips_tb_isim_beh.exe" -prj "C:/Users/cqx/Desktop/Assignment/Computer_Organization/P4/My_P4/Project4/mips_tb_beh.prj" "work.mips_tb" "work.glbl" 
ISim P.20131013 (signature 0x7708f090)
Number of CPUs detected in this system: 4
Turning on mult-threading, number of parallel sub-compilation jobs: 8 
Determining compilation order of HDL files
Analyzing Verilog file "C:/Users/cqx/Desktop/Assignment/Computer_Organization/P4/My_P4/Project4/PC.v" into library work
Analyzing Verilog file "C:/Users/cqx/Desktop/Assignment/Computer_Organization/P4/My_P4/Project4/NPC.v" into library work
Analyzing Verilog file "C:/Users/cqx/Desktop/Assignment/Computer_Organization/P4/My_P4/Project4/IM.v" into library work
Analyzing Verilog file "C:/Users/cqx/Desktop/Assignment/Computer_Organization/P4/My_P4/Project4/GPR.v" into library work
Analyzing Verilog file "C:/Users/cqx/Desktop/Assignment/Computer_Organization/P4/My_P4/Project4/EXT.v" into library work
Analyzing Verilog file "C:/Users/cqx/Desktop/Assignment/Computer_Organization/P4/My_P4/Project4/DMEXT.v" into library work
Analyzing Verilog file "C:/Users/cqx/Desktop/Assignment/Computer_Organization/P4/My_P4/Project4/DM.v" into library work
Analyzing Verilog file "C:/Users/cqx/Desktop/Assignment/Computer_Organization/P4/My_P4/Project4/ALU.v" into library work
Analyzing Verilog file "C:/Users/cqx/Desktop/Assignment/Computer_Organization/P4/My_P4/Project4/DATAPATH.v" into library work
Analyzing Verilog file "C:/Users/cqx/Desktop/Assignment/Computer_Organization/P4/My_P4/Project4/controller.v" into library work
Analyzing Verilog file "C:/Users/cqx/Desktop/Assignment/Computer_Organization/P4/My_P4/Project4/mips.v" into library work
Analyzing Verilog file "C:/Users/cqx/Desktop/Assignment/Computer_Organization/P4/My_P4/Project4/mips_tb.v" into library work
Analyzing Verilog file "C:/Xilinx/14.7/ISE_DS/ISE//verilog/src/glbl.v" into library work
Starting static elaboration
Completed static elaboration
Compiling module PC
Compiling module NPC
Compiling module IM
Compiling module GPR
Compiling module EXT
Compiling module ALU
Compiling module DM
Compiling module DMEXT
Compiling module DATAPATH
Compiling module CONTROLLER
Compiling module mips
Compiling module mips_tb
Compiling module glbl
Time Resolution for simulation is 1ps.
Waiting for 6 sub-compilation(s) to finish...
Compiled 13 Verilog Units
Built simulation executable C:/Users/cqx/Desktop/Assignment/Computer_Organization/P4/My_P4/Project4/mips_tb_isim_beh.exe
Fuse Memory Usage: 28928 KB
Fuse CPU Usage: 1216 ms
