ISim log file
Running: C:\Users\cqx\Desktop\Assignment\Computer_Organization\P4\My_P4\Project4\mips_tb_isim_beh.exe -intstyle ise -gui -tclbatch isim.cmd -wdb C:/Users/cqx/Desktop/Assignment/Computer_Organization/P4/My_P4/Project4/mips_tb_isim_beh.wdb 
ISim P.20131013 (signature 0x7708f090)
This is a Full version of ISim.
Time resolution is 1 ps
# onerror resume
# wave add /
# run 1000 ns
Simulator is doing circuit initialization process.
Finished circuit initialization process.
@00003000: $ 3 <= 0000e091
@00003008: $ 8 <= 910e0000
@0000300c: $ 6 <= 00003101
@00003010: $ 6 <= 910e3101
ISim P.20131013 (signature 0x7708f090)
This is a Full version of ISim.
# run 1000 ns
Simulator is doing circuit initialization process.
Finished circuit initialization process.
@00003000: $ 3 <= 0000e091
@00003004: $ 4 <= 00000704
@00003008: $ 8 <= 910e0000
@0000300c: $ 6 <= 00003101
@00003010: $ 6 <= 910e3101
@00003014: $ 7 <= ffc88718
